# JRE version: OpenJDK Runtime Environment (17.0.2+8) (build 17.0.2+8-86)
# Java VM: OpenJDK 64-Bit Server VM (17.0.2+8-86, mixed mode, emulated-client, sharing, tiered, compressed oops, compressed class ptrs, g1 gc, windows-amd64)
GC Precious Log:
 CPUs: 8 total, 8 available
 Memory: 3947M
 Large Page Support: Disabled
 NUMA Support: Disabled
 Compressed Oops: Enabled (32-bit)
 Heap Region Size: 1M
 Heap Min Capacity: 8M
 Heap Initial Capacity: 62M
 Heap Max Capacity: 988M
 Pre-touch: Disabled
 Parallel Workers: 8
 Concurrent Workers: 2
 Concurrent Refinement Workers: 8
 Periodic GC: Disabled
Heap:
 garbage-first heap   total 66560K, used 26797K [0x00000000c2400000, 0x0000000100000000)
  region size 1024K, 9 young (9216K), 2 survivors (2048K)
 Metaspace       used 41459K, committed 41792K, reserved 1089536K
  class space    used 5779K, committed 5952K, reserved 1048576K
GC Heap History (18 events):
Event: 2.447 GC heap before
{Heap before GC invocations=0 (full 0):
 garbage-first heap   total 63488K, used 23552K [0x00000000c2400000, 0x0000000100000000)
  region size 1024K, 23 young (23552K), 0 survivors (0K)
 Metaspace       used 6741K, committed 6976K, reserved 1056768K
  class space    used 813K, committed 896K, reserved 1048576K
}
Event: 2.456 GC heap after
{Heap after GC invocations=1 (full 0):
 garbage-first heap   total 63488K, used 7627K [0x00000000c2400000, 0x0000000100000000)
  region size 1024K, 3 young (3072K), 3 survivors (3072K)
 Metaspace       used 6741K, committed 6976K, reserved 1056768K
  class space    used 813K, committed 896K, reserved 1048576K
}
Event: 3.099 GC heap before
{Heap before GC invocations=1 (full 0):
 garbage-first heap   total 63488K, used 27083K [0x00000000c2400000, 0x0000000100000000)
  region size 1024K, 22 young (22528K), 3 survivors (3072K)
 Metaspace       used 10996K, committed 11264K, reserved 1064960K
  class space    used 1459K, committed 1600K, reserved 1048576K
}
Event: 3.103 GC heap after
{Heap after GC invocations=2 (full 0):
 garbage-first heap   total 63488K, used 9191K [0x00000000c2400000, 0x0000000100000000)
  region size 1024K, 2 young (2048K), 2 survivors (2048K)
 Metaspace       used 10996K, committed 11264K, reserved 1064960K
  class space    used 1459K, committed 1600K, reserved 1048576K
}
Event: 3.674 GC heap before
{Heap before GC invocations=2 (full 0):
 garbage-first heap   total 63488K, used 32743K [0x00000000c2400000, 0x0000000100000000)
  region size 1024K, 26 young (26624K), 2 survivors (2048K)
 Metaspace       used 15508K, committed 15808K, reserved 1064960K
  class space    used 2046K, committed 2176K, reserved 1048576K
}
Event: 3.686 GC heap after
{Heap after GC invocations=3 (full 0):
 garbage-first heap   total 63488K, used 10925K [0x00000000c2400000, 0x0000000100000000)
  region size 1024K, 4 young (4096K), 4 survivors (4096K)
 Metaspace       used 15508K, committed 15808K, reserved 1064960K
  class space    used 2046K, committed 2176K, reserved 1048576K
}
Event: 4.161 GC heap before
{Heap before GC invocations=3 (full 0):
 garbage-first heap   total 63488K, used 39597K [0x00000000c2400000, 0x0000000100000000)
  region size 1024K, 32 young (32768K), 4 survivors (4096K)
 Metaspace       used 18166K, committed 18496K, reserved 1064960K
  class space    used 2467K, committed 2624K, reserved 1048576K
}
Event: 4.170 GC heap after
{Heap after GC invocations=4 (full 0):
 garbage-first heap   total 63488K, used 12548K [0x00000000c2400000, 0x0000000100000000)
  region size 1024K, 4 young (4096K), 4 survivors (4096K)
 Metaspace       used 18166K, committed 18496K, reserved 1064960K
  class space    used 2467K, committed 2624K, reserved 1048576K
}
Event: 4.651 GC heap before
{Heap before GC invocations=4 (full 0):
 garbage-first heap   total 63488K, used 32004K [0x00000000c2400000, 0x0000000100000000)
  region size 1024K, 24 young (24576K), 4 survivors (4096K)
 Metaspace       used 21176K, committed 21504K, reserved 1073152K
  class space    used 2965K, committed 3136K, reserved 1048576K
}
Event: 4.659 GC heap after
{Heap after GC invocations=5 (full 0):
 garbage-first heap   total 63488K, used 14491K [0x00000000c2400000, 0x0000000100000000)
  region size 1024K, 4 young (4096K), 4 survivors (4096K)
 Metaspace       used 21176K, committed 21504K, reserved 1073152K
  class space    used 2965K, committed 3136K, reserved 1048576K
}
Event: 5.089 GC heap before
{Heap before GC invocations=6 (full 0):
 garbage-first heap   total 55296K, used 42139K [0x00000000c2400000, 0x0000000100000000)
  region size 1024K, 32 young (32768K), 4 survivors (4096K)
 Metaspace       used 24478K, committed 24896K, reserved 1073152K
  class space    used 3397K, committed 3584K, reserved 1048576K
}
Event: 5.103 GC heap after
{Heap after GC invocations=7 (full 0):
 garbage-first heap   total 55296K, used 16413K [0x00000000c2400000, 0x0000000100000000)
  region size 1024K, 3 young (3072K), 3 survivors (3072K)
 Metaspace       used 24478K, committed 24896K, reserved 1073152K
  class space    used 3397K, committed 3584K, reserved 1048576K
}
Event: 5.125 GC heap before
{Heap before GC invocations=7 (full 0):
 garbage-first heap   total 55296K, used 16413K [0x00000000c2400000, 0x0000000100000000)
  region size 1024K, 4 young (4096K), 3 survivors (3072K)
 Metaspace       used 24661K, committed 25024K, reserved 1073152K
  class space    used 3422K, committed 3584K, reserved 1048576K
}
Event: 5.133 GC heap after
{Heap after GC invocations=8 (full 0):
 garbage-first heap   total 66560K, used 16710K [0x00000000c2400000, 0x0000000100000000)
  region size 1024K, 1 young (1024K), 1 survivors (1024K)
 Metaspace       used 24661K, committed 25024K, reserved 1073152K
  class space    used 3422K, committed 3584K, reserved 1048576K
}
Event: 6.121 GC heap before
{Heap before GC invocations=8 (full 0):
 garbage-first heap   total 66560K, used 45382K [0x00000000c2400000, 0x0000000100000000)
  region size 1024K, 30 young (30720K), 1 survivors (1024K)
 Metaspace       used 35600K, committed 35968K, reserved 1081344K
  class space    used 4905K, committed 5120K, reserved 1048576K
}
Event: 6.125 GC heap after
{Heap after GC invocations=9 (full 0):
 garbage-first heap   total 66560K, used 19240K [0x00000000c2400000, 0x0000000100000000)
  region size 1024K, 3 young (3072K), 3 survivors (3072K)
 Metaspace       used 35600K, committed 35968K, reserved 1081344K
  class space    used 4905K, committed 5120K, reserved 1048576K
}
Event: 6.635 GC heap before
{Heap before GC invocations=10 (full 0):
 garbage-first heap   total 66560K, used 47912K [0x00000000c2400000, 0x0000000100000000)
  region size 1024K, 32 young (32768K), 3 survivors (3072K)
 Metaspace       used 40596K, committed 40960K, reserved 1089536K
  class space    used 5639K, committed 5824K, reserved 1048576K
}
Event: 6.648 GC heap after
{Heap after GC invocations=11 (full 0):
 garbage-first heap   total 66560K, used 20653K [0x00000000c2400000, 0x0000000100000000)
  region size 1024K, 2 young (2048K), 2 survivors (2048K)
 Metaspace       used 40596K, committed 40960K, reserved 1089536K
  class space    used 5639K, committed 5824K, reserved 1048576K
}

